<?xml version="1.0" encoding="UTF-8"?>
<coverage generated="1624172473760" clover="3.2.0">
  <project timestamp="1624172473760" name="All files">
    <metrics statements="72" coveredstatements="68" conditionals="32" coveredconditionals="29" methods="28" coveredmethods="27" elements="132" coveredelements="124" complexity="0" loc="72" ncloc="72" packages="1" files="8" classes="8"/>
    <file name="AggressiveAiPlayer.ts" path="/Users/ecarreras/tic-tac-toe/packages/game-state/src/AggressiveAiPlayer.ts">
      <metrics statements="6" coveredstatements="6" conditionals="4" coveredconditionals="4" methods="4" coveredmethods="4"/>
      <line num="7" count="2" type="stmt"/>
      <line num="10" count="5" type="cond" truecount="2" falsecount="0"/>
      <line num="11" count="4" type="stmt"/>
      <line num="12" count="4" type="cond" truecount="2" falsecount="0"/>
      <line num="13" count="2" type="stmt"/>
      <line num="17" count="4" type="stmt"/>
    </file>
    <file name="AiPlayer.ts" path="/Users/ecarreras/tic-tac-toe/packages/game-state/src/AiPlayer.ts">
      <metrics statements="11" coveredstatements="11" conditionals="8" coveredconditionals="8" methods="4" coveredmethods="4"/>
      <line num="7" count="3" type="stmt"/>
      <line num="11" count="9" type="cond" truecount="2" falsecount="0"/>
      <line num="15" count="8" type="stmt"/>
      <line num="16" count="8" type="stmt"/>
      <line num="17" count="8" type="stmt"/>
      <line num="19" count="8" type="stmt"/>
      <line num="20" count="24" type="stmt"/>
      <line num="24" count="24" type="stmt"/>
      <line num="28" count="24" type="cond" truecount="4" falsecount="0"/>
      <line num="29" count="24" type="cond" truecount="2" falsecount="0"/>
      <line num="31" count="8" type="stmt"/>
    </file>
    <file name="Board.ts" path="/Users/ecarreras/tic-tac-toe/packages/game-state/src/Board.ts">
      <metrics statements="38" coveredstatements="34" conditionals="12" coveredconditionals="9" methods="12" coveredmethods="11"/>
      <line num="6" count="12" type="stmt"/>
      <line num="9" count="47" type="stmt"/>
      <line num="10" count="47" type="stmt"/>
      <line num="11" count="423" type="cond" truecount="2" falsecount="0"/>
      <line num="13" count="47" type="stmt"/>
      <line num="17" count="463" type="stmt"/>
      <line num="21" count="33" type="cond" truecount="2" falsecount="0"/>
      <line num="22" count="1" type="stmt"/>
      <line num="23" count="32" type="stmt"/>
      <line num="27" count="0" type="stmt"/>
      <line num="28" count="0" type="stmt"/>
      <line num="29" count="0" type="cond" truecount="0" falsecount="2"/>
      <line num="31" count="0" type="stmt"/>
      <line num="35" count="1" type="stmt"/>
      <line num="39" count="75" type="stmt"/>
      <line num="40" count="75" type="stmt"/>
      <line num="41" count="75" type="stmt"/>
      <line num="42" count="75" type="stmt"/>
      <line num="43" count="75" type="stmt"/>
      <line num="44" count="75" type="stmt"/>
      <line num="45" count="75" type="stmt"/>
      <line num="46" count="75" type="stmt"/>
      <line num="47" count="75" type="stmt"/>
      <line num="48" count="75" type="stmt"/>
      <line num="59" count="75" type="stmt"/>
      <line num="60" count="178" type="stmt"/>
      <line num="61" count="534" type="cond" truecount="2" falsecount="0"/>
      <line num="62" count="356" type="stmt"/>
      <line num="64" count="178" type="stmt"/>
      <line num="65" count="316" type="stmt"/>
      <line num="67" count="178" type="stmt"/>
      <line num="69" count="75" type="stmt"/>
      <line num="73" count="5" type="stmt"/>
      <line num="77" count="10" type="stmt"/>
      <line num="78" count="10" type="stmt"/>
      <line num="79" count="30" type="stmt"/>
      <line num="83" count="10" type="stmt"/>
      <line num="87" count="90" type="cond" truecount="2" falsecount="0"/>
    </file>
    <file name="DefensiveAiPlayer.ts" path="/Users/ecarreras/tic-tac-toe/packages/game-state/src/DefensiveAiPlayer.ts">
      <metrics statements="5" coveredstatements="5" conditionals="4" coveredconditionals="4" methods="2" coveredmethods="2"/>
      <line num="7" count="1" type="stmt"/>
      <line num="10" count="4" type="stmt"/>
      <line num="11" count="4" type="cond" truecount="2" falsecount="0"/>
      <line num="12" count="2" type="cond" truecount="2" falsecount="0"/>
      <line num="13" count="1" type="stmt"/>
    </file>
    <file name="GameState.ts" path="/Users/ecarreras/tic-tac-toe/packages/game-state/src/GameState.ts">
      <metrics statements="11" coveredstatements="11" conditionals="4" coveredconditionals="4" methods="5" coveredmethods="5"/>
      <line num="6" count="7" type="stmt"/>
      <line num="7" count="7" type="stmt"/>
      <line num="9" count="7" type="stmt"/>
      <line num="12" count="27" type="cond" truecount="2" falsecount="0"/>
      <line num="13" count="7" type="stmt"/>
      <line num="14" count="7" type="stmt"/>
      <line num="16" count="27" type="stmt"/>
      <line num="17" count="27" type="cond" truecount="2" falsecount="0"/>
      <line num="20" count="12" type="stmt"/>
      <line num="23" count="3" type="stmt"/>
      <line num="27" count="19" type="stmt"/>
    </file>
    <file name="GameStateErrors.ts" path="/Users/ecarreras/tic-tac-toe/packages/game-state/src/GameStateErrors.ts">
      <metrics statements="0" coveredstatements="0" conditionals="0" coveredconditionals="0" methods="0" coveredmethods="0"/>
    </file>
    <file name="Player.ts" path="/Users/ecarreras/tic-tac-toe/packages/game-state/src/Player.ts">
      <metrics statements="1" coveredstatements="1" conditionals="0" coveredconditionals="0" methods="1" coveredmethods="1"/>
      <line num="7" count="3" type="stmt"/>
    </file>
    <file name="PlayerMark.ts" path="/Users/ecarreras/tic-tac-toe/packages/game-state/src/PlayerMark.ts">
      <metrics statements="0" coveredstatements="0" conditionals="0" coveredconditionals="0" methods="0" coveredmethods="0"/>
    </file>
  </project>
</coverage>
