{"/Users/ecarreras/tic-tac-toe/packages/game-state/src/AggressiveAiPlayer.ts": {"path":"/Users/ecarreras/tic-tac-toe/packages/game-state/src/AggressiveAiPlayer.ts","statementMap":{"0":{"start":{"line":7,"column":4},"end":{"line":7,"column":16}},"1":{"start":{"line":10,"column":4},"end":{"line":10,"column":67}},"2":{"start":{"line":10,"column":25},"end":{"line":10,"column":67}},"3":{"start":{"line":11,"column":28},"end":{"line":11,"column":63}},"4":{"start":{"line":12,"column":4},"end":{"line":12,"column":48}},"5":{"start":{"line":12,"column":25},"end":{"line":12,"column":48}},"6":{"start":{"line":13,"column":4},"end":{"line":13,"column":38}},"7":{"start":{"line":17,"column":4},"end":{"line":17,"column":66}},"8":{"start":{"line":17,"column":38},"end":{"line":17,"column":64}}},"fnMap":{"0":{"name":"(anonymous_0)","decl":{"start":{"line":6,"column":2},"end":{"line":6,"column":3}},"loc":{"start":{"line":6,"column":32},"end":{"line":8,"column":3}},"line":6},"1":{"name":"(anonymous_1)","decl":{"start":{"line":9,"column":2},"end":{"line":9,"column":3}},"loc":{"start":{"line":9,"column":37},"end":{"line":14,"column":3}},"line":9},"2":{"name":"(anonymous_2)","decl":{"start":{"line":16,"column":2},"end":{"line":16,"column":3}},"loc":{"start":{"line":16,"column":54},"end":{"line":18,"column":3}},"line":16},"3":{"name":"(anonymous_3)","decl":{"start":{"line":17,"column":31},"end":{"line":17,"column":32}},"loc":{"start":{"line":17,"column":38},"end":{"line":17,"column":64}},"line":17}},"branchMap":{"0":{"loc":{"start":{"line":10,"column":4},"end":{"line":10,"column":67}},"type":"if","locations":[{"start":{"line":10,"column":4},"end":{"line":10,"column":67}},{"start":{"line":10,"column":4},"end":{"line":10,"column":67}}],"line":10},"1":{"loc":{"start":{"line":12,"column":4},"end":{"line":12,"column":48}},"type":"if","locations":[{"start":{"line":12,"column":4},"end":{"line":12,"column":48}},{"start":{"line":12,"column":4},"end":{"line":12,"column":48}}],"line":12}},"s":{"0":2,"1":5,"2":1,"3":4,"4":4,"5":2,"6":2,"7":1,"8":4},"f":{"0":2,"1":5,"2":1,"3":4},"b":{"0":[1,4],"1":[2,2]},"_coverageSchema":"1a1c01bbd47fc00a2c39e90264f33305004495a9","hash":"0754ae9560d23e2f1521dca85e6180ec8c4909b7"}
,"/Users/ecarreras/tic-tac-toe/packages/game-state/src/AiPlayer.ts": {"path":"/Users/ecarreras/tic-tac-toe/packages/game-state/src/AiPlayer.ts","statementMap":{"0":{"start":{"line":7,"column":4},"end":{"line":7,"column":16}},"1":{"start":{"line":11,"column":4},"end":{"line":11,"column":68}},"2":{"start":{"line":15,"column":26},"end":{"line":15,"column":30}},"3":{"start":{"line":16,"column":33},"end":{"line":16,"column":56}},"4":{"start":{"line":17,"column":25},"end":{"line":17,"column":47}},"5":{"start":{"line":19,"column":4},"end":{"line":30,"column":7}},"6":{"start":{"line":20,"column":28},"end":{"line":23,"column":7}},"7":{"start":{"line":24,"column":37},"end":{"line":27,"column":7}},"8":{"start":{"line":28,"column":6},"end":{"line":28,"column":80}},"9":{"start":{"line":28,"column":51},"end":{"line":28,"column":80}},"10":{"start":{"line":29,"column":6},"end":{"line":29,"column":53}},"11":{"start":{"line":31,"column":4},"end":{"line":31,"column":27}}},"fnMap":{"0":{"name":"(anonymous_0)","decl":{"start":{"line":6,"column":2},"end":{"line":6,"column":3}},"loc":{"start":{"line":6,"column":42},"end":{"line":8,"column":3}},"line":6},"1":{"name":"(anonymous_1)","decl":{"start":{"line":10,"column":2},"end":{"line":10,"column":3}},"loc":{"start":{"line":10,"column":32},"end":{"line":12,"column":3}},"line":10},"2":{"name":"(anonymous_2)","decl":{"start":{"line":14,"column":2},"end":{"line":14,"column":3}},"loc":{"start":{"line":14,"column":50},"end":{"line":32,"column":3}},"line":14},"3":{"name":"(anonymous_3)","decl":{"start":{"line":19,"column":30},"end":{"line":19,"column":31}},"loc":{"start":{"line":19,"column":46},"end":{"line":30,"column":5}},"line":19}},"branchMap":{"0":{"loc":{"start":{"line":11,"column":11},"end":{"line":11,"column":67}},"type":"cond-expr","locations":[{"start":{"line":11,"column":40},"end":{"line":11,"column":52}},{"start":{"line":11,"column":55},"end":{"line":11,"column":67}}],"line":11},"1":{"loc":{"start":{"line":28,"column":6},"end":{"line":28,"column":80}},"type":"if","locations":[{"start":{"line":28,"column":6},"end":{"line":28,"column":80}},{"start":{"line":28,"column":6},"end":{"line":28,"column":80}}],"line":28},"2":{"loc":{"start":{"line":28,"column":10},"end":{"line":28,"column":49}},"type":"binary-expr","locations":[{"start":{"line":28,"column":10},"end":{"line":28,"column":32}},{"start":{"line":28,"column":36},"end":{"line":28,"column":49}}],"line":28},"3":{"loc":{"start":{"line":29,"column":13},"end":{"line":29,"column":52}},"type":"binary-expr","locations":[{"start":{"line":29,"column":13},"end":{"line":29,"column":35}},{"start":{"line":29,"column":39},"end":{"line":29,"column":52}}],"line":29}},"s":{"0":3,"1":9,"2":8,"3":8,"4":8,"5":8,"6":24,"7":24,"8":24,"9":4,"10":24,"11":8},"f":{"0":3,"1":9,"2":8,"3":24},"b":{"0":[5,4],"1":[4,20],"2":[24,20],"3":[24,20]},"_coverageSchema":"1a1c01bbd47fc00a2c39e90264f33305004495a9","hash":"d26e2aef10ad679c6517d5436158459f598fb2ea"}
,"/Users/ecarreras/tic-tac-toe/packages/game-state/src/Board.ts": {"path":"/Users/ecarreras/tic-tac-toe/packages/game-state/src/Board.ts","statementMap":{"0":{"start":{"line":7,"column":22},"end":{"line":7,"column":76}},"1":{"start":{"line":10,"column":40},"end":{"line":10,"column":42}},"2":{"start":{"line":11,"column":4},"end":{"line":13,"column":5}},"3":{"start":{"line":11,"column":17},"end":{"line":11,"column":18}},"4":{"start":{"line":12,"column":6},"end":{"line":12,"column":63}},"5":{"start":{"line":12,"column":37},"end":{"line":12,"column":63}},"6":{"start":{"line":14,"column":4},"end":{"line":14,"column":29}},"7":{"start":{"line":18,"column":4},"end":{"line":18,"column":34}},"8":{"start":{"line":22,"column":4},"end":{"line":23,"column":60}},"9":{"start":{"line":23,"column":6},"end":{"line":23,"column":60}},"10":{"start":{"line":24,"column":4},"end":{"line":24,"column":29}},"11":{"start":{"line":28,"column":40},"end":{"line":28,"column":42}},"12":{"start":{"line":29,"column":4},"end":{"line":31,"column":5}},"13":{"start":{"line":29,"column":17},"end":{"line":29,"column":18}},"14":{"start":{"line":30,"column":6},"end":{"line":30,"column":71}},"15":{"start":{"line":30,"column":45},"end":{"line":30,"column":71}},"16":{"start":{"line":32,"column":4},"end":{"line":32,"column":29}},"17":{"start":{"line":36,"column":4},"end":{"line":36,"column":38}},"18":{"start":{"line":40,"column":25},"end":{"line":40,"column":30}},"19":{"start":{"line":41,"column":4},"end":{"line":50,"column":7}},"20":{"start":{"line":42,"column":38},"end":{"line":45,"column":8}},"21":{"start":{"line":43,"column":8},"end":{"line":43,"column":63}},"22":{"start":{"line":43,"column":45},"end":{"line":43,"column":63}},"23":{"start":{"line":44,"column":8},"end":{"line":44,"column":44}},"24":{"start":{"line":46,"column":6},"end":{"line":48,"column":8}},"25":{"start":{"line":47,"column":18},"end":{"line":47,"column":37}},"26":{"start":{"line":49,"column":6},"end":{"line":49,"column":28}},"27":{"start":{"line":51,"column":4},"end":{"line":51,"column":26}},"28":{"start":{"line":55,"column":4},"end":{"line":55,"column":47}},"29":{"start":{"line":59,"column":16},"end":{"line":59,"column":18}},"30":{"start":{"line":60,"column":4},"end":{"line":64,"column":5}},"31":{"start":{"line":60,"column":17},"end":{"line":60,"column":18}},"32":{"start":{"line":61,"column":6},"end":{"line":63,"column":11}},"33":{"start":{"line":65,"column":4},"end":{"line":65,"column":17}},"34":{"start":{"line":69,"column":4},"end":{"line":69,"column":36}}},"fnMap":{"0":{"name":"(anonymous_0)","decl":{"start":{"line":9,"column":2},"end":{"line":9,"column":3}},"loc":{"start":{"line":9,"column":30},"end":{"line":15,"column":3}},"line":9},"1":{"name":"(anonymous_1)","decl":{"start":{"line":17,"column":2},"end":{"line":17,"column":3}},"loc":{"start":{"line":17,"column":31},"end":{"line":19,"column":3}},"line":17},"2":{"name":"(anonymous_2)","decl":{"start":{"line":21,"column":2},"end":{"line":21,"column":3}},"loc":{"start":{"line":21,"column":40},"end":{"line":25,"column":3}},"line":21},"3":{"name":"(anonymous_3)","decl":{"start":{"line":27,"column":2},"end":{"line":27,"column":3}},"loc":{"start":{"line":27,"column":51},"end":{"line":33,"column":3}},"line":27},"4":{"name":"(anonymous_4)","decl":{"start":{"line":35,"column":2},"end":{"line":35,"column":3}},"loc":{"start":{"line":35,"column":55},"end":{"line":37,"column":3}},"line":35},"5":{"name":"(anonymous_5)","decl":{"start":{"line":39,"column":2},"end":{"line":39,"column":3}},"loc":{"start":{"line":39,"column":70},"end":{"line":52,"column":3}},"line":39},"6":{"name":"(anonymous_6)","decl":{"start":{"line":41,"column":37},"end":{"line":41,"column":38}},"loc":{"start":{"line":41,"column":55},"end":{"line":50,"column":5}},"line":41},"7":{"name":"(anonymous_7)","decl":{"start":{"line":42,"column":55},"end":{"line":42,"column":56}},"loc":{"start":{"line":42,"column":77},"end":{"line":45,"column":7}},"line":42},"8":{"name":"(anonymous_8)","decl":{"start":{"line":47,"column":8},"end":{"line":47,"column":9}},"loc":{"start":{"line":47,"column":18},"end":{"line":47,"column":37}},"line":47},"9":{"name":"(anonymous_9)","decl":{"start":{"line":54,"column":2},"end":{"line":54,"column":3}},"loc":{"start":{"line":54,"column":21},"end":{"line":56,"column":3}},"line":54},"10":{"name":"(anonymous_10)","decl":{"start":{"line":58,"column":2},"end":{"line":58,"column":3}},"loc":{"start":{"line":58,"column":16},"end":{"line":66,"column":3}},"line":58},"11":{"name":"(anonymous_11)","decl":{"start":{"line":68,"column":2},"end":{"line":68,"column":3}},"loc":{"start":{"line":68,"column":43},"end":{"line":70,"column":3}},"line":68}},"branchMap":{"0":{"loc":{"start":{"line":12,"column":6},"end":{"line":12,"column":63}},"type":"if","locations":[{"start":{"line":12,"column":6},"end":{"line":12,"column":63}},{"start":{"line":12,"column":6},"end":{"line":12,"column":63}}],"line":12},"1":{"loc":{"start":{"line":22,"column":4},"end":{"line":23,"column":60}},"type":"if","locations":[{"start":{"line":22,"column":4},"end":{"line":23,"column":60}},{"start":{"line":22,"column":4},"end":{"line":23,"column":60}}],"line":22},"2":{"loc":{"start":{"line":30,"column":6},"end":{"line":30,"column":71}},"type":"if","locations":[{"start":{"line":30,"column":6},"end":{"line":30,"column":71}},{"start":{"line":30,"column":6},"end":{"line":30,"column":71}}],"line":30},"3":{"loc":{"start":{"line":43,"column":8},"end":{"line":43,"column":63}},"type":"if","locations":[{"start":{"line":43,"column":8},"end":{"line":43,"column":63}},{"start":{"line":43,"column":8},"end":{"line":43,"column":63}}],"line":43},"4":{"loc":{"start":{"line":62,"column":8},"end":{"line":62,"column":36}},"type":"binary-expr","locations":[{"start":{"line":62,"column":8},"end":{"line":62,"column":29}},{"start":{"line":62,"column":33},"end":{"line":62,"column":36}}],"line":62},"5":{"loc":{"start":{"line":69,"column":11},"end":{"line":69,"column":35}},"type":"binary-expr","locations":[{"start":{"line":69,"column":11},"end":{"line":69,"column":28}},{"start":{"line":69,"column":32},"end":{"line":69,"column":35}}],"line":69}},"s":{"0":12,"1":47,"2":47,"3":47,"4":423,"5":242,"6":47,"7":463,"8":33,"9":1,"10":32,"11":1,"12":1,"13":1,"14":9,"15":1,"16":1,"17":10,"18":75,"19":75,"20":178,"21":534,"22":178,"23":356,"24":178,"25":316,"26":178,"27":75,"28":5,"29":10,"30":10,"31":10,"32":30,"33":10,"34":90},"f":{"0":47,"1":463,"2":33,"3":1,"4":10,"5":75,"6":178,"7":534,"8":316,"9":5,"10":10,"11":90},"b":{"0":[242,181],"1":[1,32],"2":[1,8],"3":[178,356],"4":[30,0],"5":[90,52]},"_coverageSchema":"1a1c01bbd47fc00a2c39e90264f33305004495a9","hash":"a1ccad8a067cc7f5f87d7a5f24acbbd95d714486"}
,"/Users/ecarreras/tic-tac-toe/packages/game-state/src/DefensiveAiPlayer.ts": {"path":"/Users/ecarreras/tic-tac-toe/packages/game-state/src/DefensiveAiPlayer.ts","statementMap":{"0":{"start":{"line":7,"column":4},"end":{"line":7,"column":16}},"1":{"start":{"line":10,"column":28},"end":{"line":10,"column":63}},"2":{"start":{"line":11,"column":4},"end":{"line":11,"column":48}},"3":{"start":{"line":11,"column":25},"end":{"line":11,"column":48}},"4":{"start":{"line":12,"column":4},"end":{"line":12,"column":45}},"5":{"start":{"line":12,"column":36},"end":{"line":12,"column":45}},"6":{"start":{"line":13,"column":4},"end":{"line":13,"column":38}}},"fnMap":{"0":{"name":"(anonymous_0)","decl":{"start":{"line":6,"column":2},"end":{"line":6,"column":3}},"loc":{"start":{"line":6,"column":32},"end":{"line":8,"column":3}},"line":6},"1":{"name":"(anonymous_1)","decl":{"start":{"line":9,"column":2},"end":{"line":9,"column":3}},"loc":{"start":{"line":9,"column":37},"end":{"line":14,"column":3}},"line":9}},"branchMap":{"0":{"loc":{"start":{"line":11,"column":4},"end":{"line":11,"column":48}},"type":"if","locations":[{"start":{"line":11,"column":4},"end":{"line":11,"column":48}},{"start":{"line":11,"column":4},"end":{"line":11,"column":48}}],"line":11},"1":{"loc":{"start":{"line":12,"column":4},"end":{"line":12,"column":45}},"type":"if","locations":[{"start":{"line":12,"column":4},"end":{"line":12,"column":45}},{"start":{"line":12,"column":4},"end":{"line":12,"column":45}}],"line":12}},"s":{"0":1,"1":4,"2":4,"3":2,"4":2,"5":1,"6":1},"f":{"0":1,"1":4},"b":{"0":[2,2],"1":[1,1]},"_coverageSchema":"1a1c01bbd47fc00a2c39e90264f33305004495a9","hash":"3a76882e148625d10a71d93ea4182d20ee90054b"}
,"/Users/ecarreras/tic-tac-toe/packages/game-state/src/GameState.ts": {"path":"/Users/ecarreras/tic-tac-toe/packages/game-state/src/GameState.ts","statementMap":{"0":{"start":{"line":6,"column":28},"end":{"line":6,"column":33}},"1":{"start":{"line":7,"column":44},"end":{"line":7,"column":48}},"2":{"start":{"line":9,"column":4},"end":{"line":9,"column":29}},"3":{"start":{"line":12,"column":4},"end":{"line":15,"column":5}},"4":{"start":{"line":13,"column":6},"end":{"line":13,"column":25}},"5":{"start":{"line":14,"column":6},"end":{"line":14,"column":37}},"6":{"start":{"line":16,"column":4},"end":{"line":16,"column":44}},"7":{"start":{"line":17,"column":4},"end":{"line":17,"column":70}},"8":{"start":{"line":17,"column":51},"end":{"line":17,"column":70}},"9":{"start":{"line":20,"column":4},"end":{"line":20,"column":23}},"10":{"start":{"line":23,"column":4},"end":{"line":23,"column":29}},"11":{"start":{"line":27,"column":4},"end":{"line":27,"column":22}}},"fnMap":{"0":{"name":"(anonymous_0)","decl":{"start":{"line":8,"column":2},"end":{"line":8,"column":3}},"loc":{"start":{"line":8,"column":16},"end":{"line":10,"column":3}},"line":8},"1":{"name":"(anonymous_1)","decl":{"start":{"line":11,"column":2},"end":{"line":11,"column":3}},"loc":{"start":{"line":11,"column":51},"end":{"line":18,"column":3}},"line":11},"2":{"name":"(anonymous_2)","decl":{"start":{"line":19,"column":2},"end":{"line":19,"column":3}},"loc":{"start":{"line":19,"column":24},"end":{"line":21,"column":3}},"line":19},"3":{"name":"(anonymous_3)","decl":{"start":{"line":22,"column":2},"end":{"line":22,"column":3}},"loc":{"start":{"line":22,"column":14},"end":{"line":24,"column":3}},"line":22},"4":{"name":"(anonymous_4)","decl":{"start":{"line":26,"column":2},"end":{"line":26,"column":3}},"loc":{"start":{"line":26,"column":13},"end":{"line":28,"column":3}},"line":26}},"branchMap":{"0":{"loc":{"start":{"line":12,"column":4},"end":{"line":15,"column":5}},"type":"if","locations":[{"start":{"line":12,"column":4},"end":{"line":15,"column":5}},{"start":{"line":12,"column":4},"end":{"line":15,"column":5}}],"line":12},"1":{"loc":{"start":{"line":17,"column":4},"end":{"line":17,"column":70}},"type":"if","locations":[{"start":{"line":17,"column":4},"end":{"line":17,"column":70}},{"start":{"line":17,"column":4},"end":{"line":17,"column":70}}],"line":17}},"s":{"0":7,"1":7,"2":7,"3":27,"4":7,"5":7,"6":27,"7":27,"8":2,"9":12,"10":3,"11":19},"f":{"0":7,"1":27,"2":12,"3":3,"4":19},"b":{"0":[7,20],"1":[2,25]},"_coverageSchema":"1a1c01bbd47fc00a2c39e90264f33305004495a9","hash":"292811a20995efc694388a25a6d963294eecb8a7"}
,"/Users/ecarreras/tic-tac-toe/packages/game-state/src/GameStateErrors.ts": {"path":"/Users/ecarreras/tic-tac-toe/packages/game-state/src/GameStateErrors.ts","statementMap":{},"fnMap":{},"branchMap":{},"s":{},"f":{},"b":{},"_coverageSchema":"1a1c01bbd47fc00a2c39e90264f33305004495a9","hash":"377b595a45e1c046a9686a95aacbb53546460b07"}
,"/Users/ecarreras/tic-tac-toe/packages/game-state/src/Player.ts": {"path":"/Users/ecarreras/tic-tac-toe/packages/game-state/src/Player.ts","statementMap":{"0":{"start":{"line":7,"column":4},"end":{"line":7,"column":21}}},"fnMap":{"0":{"name":"(anonymous_0)","decl":{"start":{"line":6,"column":2},"end":{"line":6,"column":3}},"loc":{"start":{"line":6,"column":42},"end":{"line":8,"column":3}},"line":6}},"branchMap":{},"s":{"0":3},"f":{"0":3},"b":{},"_coverageSchema":"1a1c01bbd47fc00a2c39e90264f33305004495a9","hash":"f56e3289f50dccebd93187659ebec336f98cc84d"}
,"/Users/ecarreras/tic-tac-toe/packages/game-state/src/PlayerMark.ts": {"path":"/Users/ecarreras/tic-tac-toe/packages/game-state/src/PlayerMark.ts","statementMap":{},"fnMap":{},"branchMap":{},"s":{},"f":{},"b":{},"_coverageSchema":"1a1c01bbd47fc00a2c39e90264f33305004495a9","hash":"6e95ede89191c8ec14a866224ff5cc228f4fdfba"}
,"/Users/ecarreras/tic-tac-toe/packages/game-state/src/winningPlaysMap.ts": {"path":"/Users/ecarreras/tic-tac-toe/packages/game-state/src/winningPlaysMap.ts","statementMap":{"0":{"start":{"line":1,"column":16},"end":{"line":1,"column":25}},"1":{"start":{"line":2,"column":19},"end":{"line":2,"column":28}},"2":{"start":{"line":3,"column":19},"end":{"line":3,"column":28}},"3":{"start":{"line":4,"column":22},"end":{"line":4,"column":31}},"4":{"start":{"line":5,"column":20},"end":{"line":5,"column":29}},"5":{"start":{"line":6,"column":22},"end":{"line":6,"column":31}},"6":{"start":{"line":7,"column":21},"end":{"line":7,"column":30}},"7":{"start":{"line":8,"column":20},"end":{"line":8,"column":29}},"8":{"start":{"line":9,"column":67},"end":{"line":19,"column":1}}},"fnMap":{},"branchMap":{},"s":{"0":3,"1":3,"2":3,"3":3,"4":3,"5":3,"6":3,"7":3,"8":3},"f":{},"b":{},"_coverageSchema":"1a1c01bbd47fc00a2c39e90264f33305004495a9","hash":"4104f81c9714c2845f33fd88bd2ff92140252cdf"}
}
