{"/Users/ecarreras/tic-tac-toe/packages/game-state/src/AggressiveAiPlayer.ts": {"path":"/Users/ecarreras/tic-tac-toe/packages/game-state/src/AggressiveAiPlayer.ts","statementMap":{"0":{"start":{"line":8,"column":4},"end":{"line":8,"column":16}},"1":{"start":{"line":11,"column":25},"end":{"line":11,"column":61}},"2":{"start":{"line":12,"column":4},"end":{"line":15,"column":5}},"3":{"start":{"line":13,"column":6},"end":{"line":13,"column":45}},"4":{"start":{"line":14,"column":6},"end":{"line":14,"column":26}},"5":{"start":{"line":17,"column":29},"end":{"line":17,"column":66}},"6":{"start":{"line":18,"column":4},"end":{"line":21,"column":5}},"7":{"start":{"line":19,"column":6},"end":{"line":19,"column":49}},"8":{"start":{"line":20,"column":6},"end":{"line":20,"column":33}},"9":{"start":{"line":23,"column":29},"end":{"line":23,"column":56}},"10":{"start":{"line":24,"column":4},"end":{"line":27,"column":5}},"11":{"start":{"line":25,"column":6},"end":{"line":25,"column":46}},"12":{"start":{"line":26,"column":6},"end":{"line":26,"column":30}},"13":{"start":{"line":29,"column":4},"end":{"line":32,"column":5}},"14":{"start":{"line":30,"column":6},"end":{"line":30,"column":31}},"15":{"start":{"line":31,"column":6},"end":{"line":31,"column":15}},"16":{"start":{"line":34,"column":22},"end":{"line":34,"column":41}},"17":{"start":{"line":35,"column":4},"end":{"line":38,"column":5}},"18":{"start":{"line":36,"column":6},"end":{"line":36,"column":34}},"19":{"start":{"line":37,"column":6},"end":{"line":37,"column":23}},"20":{"start":{"line":40,"column":4},"end":{"line":43,"column":5}},"21":{"start":{"line":41,"column":6},"end":{"line":41,"column":39}},"22":{"start":{"line":42,"column":6},"end":{"line":42,"column":15}},"23":{"start":{"line":44,"column":4},"end":{"line":44,"column":33}},"24":{"start":{"line":45,"column":4},"end":{"line":45,"column":38}},"25":{"start":{"line":49,"column":4},"end":{"line":49,"column":75}},"26":{"start":{"line":53,"column":4},"end":{"line":53,"column":61}},"27":{"start":{"line":53,"column":33},"end":{"line":53,"column":59}},"28":{"start":{"line":57,"column":4},"end":{"line":57,"column":63}},"29":{"start":{"line":61,"column":35},"end":{"line":61,"column":39}},"30":{"start":{"line":62,"column":29},"end":{"line":62,"column":60}},"31":{"start":{"line":63,"column":4},"end":{"line":73,"column":7}},"32":{"start":{"line":64,"column":6},"end":{"line":64,"column":28}},"33":{"start":{"line":64,"column":21},"end":{"line":64,"column":28}},"34":{"start":{"line":65,"column":30},"end":{"line":65,"column":57}},"35":{"start":{"line":66,"column":6},"end":{"line":66,"column":46}},"36":{"start":{"line":67,"column":27},"end":{"line":67,"column":74}},"37":{"start":{"line":68,"column":6},"end":{"line":68,"column":46}},"38":{"start":{"line":68,"column":39},"end":{"line":68,"column":46}},"39":{"start":{"line":69,"column":6},"end":{"line":72,"column":7}},"40":{"start":{"line":69,"column":41},"end":{"line":69,"column":75}},"41":{"start":{"line":70,"column":8},"end":{"line":70,"column":27}},"42":{"start":{"line":71,"column":8},"end":{"line":71,"column":15}},"43":{"start":{"line":74,"column":4},"end":{"line":74,"column":21}},"44":{"start":{"line":78,"column":38},"end":{"line":78,"column":42}},"45":{"start":{"line":79,"column":29},"end":{"line":79,"column":60}},"46":{"start":{"line":80,"column":4},"end":{"line":90,"column":7}},"47":{"start":{"line":81,"column":6},"end":{"line":81,"column":55}},"48":{"start":{"line":82,"column":30},"end":{"line":82,"column":57}},"49":{"start":{"line":83,"column":6},"end":{"line":83,"column":46}},"50":{"start":{"line":84,"column":29},"end":{"line":84,"column":76}},"51":{"start":{"line":85,"column":6},"end":{"line":85,"column":44}},"52":{"start":{"line":85,"column":37},"end":{"line":85,"column":44}},"53":{"start":{"line":86,"column":6},"end":{"line":88,"column":8}},"54":{"start":{"line":89,"column":6},"end":{"line":89,"column":28}},"55":{"start":{"line":91,"column":4},"end":{"line":91,"column":24}}},"fnMap":{"0":{"name":"(anonymous_0)","decl":{"start":{"line":7,"column":2},"end":{"line":7,"column":3}},"loc":{"start":{"line":7,"column":32},"end":{"line":9,"column":3}},"line":7},"1":{"name":"(anonymous_1)","decl":{"start":{"line":10,"column":2},"end":{"line":10,"column":3}},"loc":{"start":{"line":10,"column":37},"end":{"line":46,"column":3}},"line":10},"2":{"name":"(anonymous_2)","decl":{"start":{"line":48,"column":2},"end":{"line":48,"column":3}},"loc":{"start":{"line":48,"column":39},"end":{"line":50,"column":3}},"line":48},"3":{"name":"(anonymous_3)","decl":{"start":{"line":52,"column":2},"end":{"line":52,"column":3}},"loc":{"start":{"line":52,"column":46},"end":{"line":54,"column":3}},"line":52},"4":{"name":"(anonymous_4)","decl":{"start":{"line":53,"column":26},"end":{"line":53,"column":27}},"loc":{"start":{"line":53,"column":33},"end":{"line":53,"column":59}},"line":53},"5":{"name":"(anonymous_5)","decl":{"start":{"line":56,"column":2},"end":{"line":56,"column":3}},"loc":{"start":{"line":56,"column":56},"end":{"line":58,"column":3}},"line":56},"6":{"name":"(anonymous_6)","decl":{"start":{"line":60,"column":2},"end":{"line":60,"column":3}},"loc":{"start":{"line":60,"column":47},"end":{"line":75,"column":3}},"line":60},"7":{"name":"(anonymous_7)","decl":{"start":{"line":63,"column":29},"end":{"line":63,"column":30}},"loc":{"start":{"line":63,"column":41},"end":{"line":73,"column":5}},"line":63},"8":{"name":"(anonymous_8)","decl":{"start":{"line":69,"column":26},"end":{"line":69,"column":27}},"loc":{"start":{"line":69,"column":41},"end":{"line":69,"column":75}},"line":69},"9":{"name":"(anonymous_9)","decl":{"start":{"line":77,"column":2},"end":{"line":77,"column":3}},"loc":{"start":{"line":77,"column":55},"end":{"line":92,"column":3}},"line":77},"10":{"name":"(anonymous_10)","decl":{"start":{"line":80,"column":29},"end":{"line":80,"column":30}},"loc":{"start":{"line":80,"column":41},"end":{"line":90,"column":5}},"line":80}},"branchMap":{"0":{"loc":{"start":{"line":12,"column":4},"end":{"line":15,"column":5}},"type":"if","locations":[{"start":{"line":12,"column":4},"end":{"line":15,"column":5}},{"start":{"line":12,"column":4},"end":{"line":15,"column":5}}],"line":12},"1":{"loc":{"start":{"line":12,"column":8},"end":{"line":12,"column":48}},"type":"binary-expr","locations":[{"start":{"line":12,"column":8},"end":{"line":12,"column":23}},{"start":{"line":12,"column":27},"end":{"line":12,"column":48}}],"line":12},"2":{"loc":{"start":{"line":18,"column":4},"end":{"line":21,"column":5}},"type":"if","locations":[{"start":{"line":18,"column":4},"end":{"line":21,"column":5}},{"start":{"line":18,"column":4},"end":{"line":21,"column":5}}],"line":18},"3":{"loc":{"start":{"line":24,"column":4},"end":{"line":27,"column":5}},"type":"if","locations":[{"start":{"line":24,"column":4},"end":{"line":27,"column":5}},{"start":{"line":24,"column":4},"end":{"line":27,"column":5}}],"line":24},"4":{"loc":{"start":{"line":29,"column":4},"end":{"line":32,"column":5}},"type":"if","locations":[{"start":{"line":29,"column":4},"end":{"line":32,"column":5}},{"start":{"line":29,"column":4},"end":{"line":32,"column":5}}],"line":29},"5":{"loc":{"start":{"line":35,"column":4},"end":{"line":38,"column":5}},"type":"if","locations":[{"start":{"line":35,"column":4},"end":{"line":38,"column":5}},{"start":{"line":35,"column":4},"end":{"line":38,"column":5}}],"line":35},"6":{"loc":{"start":{"line":40,"column":4},"end":{"line":43,"column":5}},"type":"if","locations":[{"start":{"line":40,"column":4},"end":{"line":43,"column":5}},{"start":{"line":40,"column":4},"end":{"line":43,"column":5}}],"line":40},"7":{"loc":{"start":{"line":57,"column":11},"end":{"line":57,"column":62}},"type":"binary-expr","locations":[{"start":{"line":57,"column":11},"end":{"line":57,"column":54}},{"start":{"line":57,"column":58},"end":{"line":57,"column":62}}],"line":57},"8":{"loc":{"start":{"line":64,"column":6},"end":{"line":64,"column":28}},"type":"if","locations":[{"start":{"line":64,"column":6},"end":{"line":64,"column":28}},{"start":{"line":64,"column":6},"end":{"line":64,"column":28}}],"line":64},"9":{"loc":{"start":{"line":68,"column":6},"end":{"line":68,"column":46}},"type":"if","locations":[{"start":{"line":68,"column":6},"end":{"line":68,"column":46}},{"start":{"line":68,"column":6},"end":{"line":68,"column":46}}],"line":68},"10":{"loc":{"start":{"line":69,"column":6},"end":{"line":72,"column":7}},"type":"if","locations":[{"start":{"line":69,"column":6},"end":{"line":72,"column":7}},{"start":{"line":69,"column":6},"end":{"line":72,"column":7}}],"line":69},"11":{"loc":{"start":{"line":85,"column":6},"end":{"line":85,"column":44}},"type":"if","locations":[{"start":{"line":85,"column":6},"end":{"line":85,"column":44}},{"start":{"line":85,"column":6},"end":{"line":85,"column":44}}],"line":85}},"s":{"0":4,"1":12,"2":12,"3":2,"4":2,"5":10,"6":10,"7":3,"8":3,"9":7,"10":7,"11":1,"12":1,"13":6,"14":3,"15":3,"16":3,"17":3,"18":0,"19":0,"20":3,"21":2,"22":2,"23":1,"24":1,"25":6,"26":25,"27":100,"28":12,"29":3,"30":3,"31":3,"32":12,"33":0,"34":12,"35":12,"36":12,"37":12,"38":8,"39":4,"40":16,"41":0,"42":0,"43":3,"44":7,"45":7,"46":7,"47":23,"48":23,"49":23,"50":23,"51":23,"52":22,"53":1,"54":1,"55":7},"f":{"0":4,"1":12,"2":6,"3":25,"4":100,"5":12,"6":3,"7":12,"8":16,"9":7,"10":23},"b":{"0":[2,10],"1":[12,4],"2":[3,7],"3":[1,6],"4":[3,3],"5":[0,3],"6":[2,1],"7":[12,3],"8":[0,12],"9":[8,4],"10":[0,4],"11":[22,1]},"_coverageSchema":"1a1c01bbd47fc00a2c39e90264f33305004495a9","hash":"8c7f96fd08d9fead0c71d6556d801435f5a55756"}
,"/Users/ecarreras/tic-tac-toe/packages/game-state/src/AiPlayer.ts": {"path":"/Users/ecarreras/tic-tac-toe/packages/game-state/src/AiPlayer.ts","statementMap":{"0":{"start":{"line":7,"column":4},"end":{"line":7,"column":16}},"1":{"start":{"line":11,"column":4},"end":{"line":11,"column":68}},"2":{"start":{"line":15,"column":37},"end":{"line":15,"column":39}},"3":{"start":{"line":16,"column":33},"end":{"line":16,"column":56}},"4":{"start":{"line":17,"column":25},"end":{"line":17,"column":47}},"5":{"start":{"line":19,"column":4},"end":{"line":30,"column":7}},"6":{"start":{"line":20,"column":28},"end":{"line":23,"column":7}},"7":{"start":{"line":24,"column":37},"end":{"line":27,"column":7}},"8":{"start":{"line":28,"column":6},"end":{"line":29,"column":42}},"9":{"start":{"line":29,"column":8},"end":{"line":29,"column":42}},"10":{"start":{"line":31,"column":4},"end":{"line":31,"column":28}}},"fnMap":{"0":{"name":"(anonymous_0)","decl":{"start":{"line":6,"column":2},"end":{"line":6,"column":3}},"loc":{"start":{"line":6,"column":42},"end":{"line":8,"column":3}},"line":6},"1":{"name":"(anonymous_1)","decl":{"start":{"line":10,"column":2},"end":{"line":10,"column":3}},"loc":{"start":{"line":10,"column":32},"end":{"line":12,"column":3}},"line":10},"2":{"name":"(anonymous_2)","decl":{"start":{"line":14,"column":2},"end":{"line":14,"column":3}},"loc":{"start":{"line":14,"column":52},"end":{"line":32,"column":3}},"line":14},"3":{"name":"(anonymous_3)","decl":{"start":{"line":19,"column":33},"end":{"line":19,"column":34}},"loc":{"start":{"line":19,"column":49},"end":{"line":30,"column":5}},"line":19}},"branchMap":{"0":{"loc":{"start":{"line":11,"column":11},"end":{"line":11,"column":67}},"type":"cond-expr","locations":[{"start":{"line":11,"column":40},"end":{"line":11,"column":52}},{"start":{"line":11,"column":55},"end":{"line":11,"column":67}}],"line":11},"1":{"loc":{"start":{"line":28,"column":6},"end":{"line":29,"column":42}},"type":"if","locations":[{"start":{"line":28,"column":6},"end":{"line":29,"column":42}},{"start":{"line":28,"column":6},"end":{"line":29,"column":42}}],"line":28},"2":{"loc":{"start":{"line":28,"column":10},"end":{"line":28,"column":49}},"type":"binary-expr","locations":[{"start":{"line":28,"column":10},"end":{"line":28,"column":32}},{"start":{"line":28,"column":36},"end":{"line":28,"column":49}}],"line":28}},"s":{"0":4,"1":57,"2":46,"3":46,"4":46,"5":46,"6":317,"7":317,"8":317,"9":23,"10":46},"f":{"0":4,"1":57,"2":46,"3":317},"b":{"0":[57,0],"1":[23,294],"2":[317,317]},"_coverageSchema":"1a1c01bbd47fc00a2c39e90264f33305004495a9","hash":"5d198180ef06a3375490af87ac88e8f610103b86"}
,"/Users/ecarreras/tic-tac-toe/packages/game-state/src/Board.ts": {"path":"/Users/ecarreras/tic-tac-toe/packages/game-state/src/Board.ts","statementMap":{"0":{"start":{"line":11,"column":4},"end":{"line":11,"column":28}},"1":{"start":{"line":14,"column":4},"end":{"line":14,"column":22}},"2":{"start":{"line":18,"column":35},"end":{"line":18,"column":37}},"3":{"start":{"line":19,"column":4},"end":{"line":21,"column":5}},"4":{"start":{"line":19,"column":17},"end":{"line":19,"column":18}},"5":{"start":{"line":20,"column":6},"end":{"line":20,"column":58}},"6":{"start":{"line":20,"column":37},"end":{"line":20,"column":58}},"7":{"start":{"line":22,"column":4},"end":{"line":22,"column":24}},"8":{"start":{"line":26,"column":4},"end":{"line":26,"column":38}},"9":{"start":{"line":30,"column":4},"end":{"line":31,"column":60}},"10":{"start":{"line":31,"column":6},"end":{"line":31,"column":60}},"11":{"start":{"line":32,"column":4},"end":{"line":32,"column":29}},"12":{"start":{"line":36,"column":40},"end":{"line":36,"column":42}},"13":{"start":{"line":37,"column":4},"end":{"line":39,"column":5}},"14":{"start":{"line":37,"column":17},"end":{"line":37,"column":18}},"15":{"start":{"line":38,"column":6},"end":{"line":38,"column":71}},"16":{"start":{"line":38,"column":45},"end":{"line":38,"column":71}},"17":{"start":{"line":40,"column":4},"end":{"line":40,"column":29}},"18":{"start":{"line":44,"column":4},"end":{"line":44,"column":38}},"19":{"start":{"line":48,"column":25},"end":{"line":48,"column":30}},"20":{"start":{"line":49,"column":4},"end":{"line":58,"column":7}},"21":{"start":{"line":50,"column":38},"end":{"line":53,"column":8}},"22":{"start":{"line":51,"column":8},"end":{"line":51,"column":63}},"23":{"start":{"line":51,"column":45},"end":{"line":51,"column":63}},"24":{"start":{"line":52,"column":8},"end":{"line":52,"column":44}},"25":{"start":{"line":54,"column":6},"end":{"line":56,"column":8}},"26":{"start":{"line":55,"column":18},"end":{"line":55,"column":37}},"27":{"start":{"line":57,"column":6},"end":{"line":57,"column":28}},"28":{"start":{"line":59,"column":4},"end":{"line":59,"column":26}},"29":{"start":{"line":63,"column":4},"end":{"line":63,"column":47}},"30":{"start":{"line":67,"column":16},"end":{"line":67,"column":18}},"31":{"start":{"line":68,"column":4},"end":{"line":72,"column":5}},"32":{"start":{"line":68,"column":17},"end":{"line":68,"column":18}},"33":{"start":{"line":69,"column":6},"end":{"line":71,"column":11}},"34":{"start":{"line":73,"column":4},"end":{"line":73,"column":17}},"35":{"start":{"line":77,"column":4},"end":{"line":77,"column":36}}},"fnMap":{"0":{"name":"(anonymous_0)","decl":{"start":{"line":8,"column":2},"end":{"line":8,"column":3}},"loc":{"start":{"line":10,"column":4},"end":{"line":12,"column":3}},"line":10},"1":{"name":"(anonymous_1)","decl":{"start":{"line":13,"column":2},"end":{"line":13,"column":3}},"loc":{"start":{"line":13,"column":13},"end":{"line":15,"column":3}},"line":13},"2":{"name":"(anonymous_2)","decl":{"start":{"line":17,"column":2},"end":{"line":17,"column":3}},"loc":{"start":{"line":17,"column":30},"end":{"line":23,"column":3}},"line":17},"3":{"name":"(anonymous_3)","decl":{"start":{"line":25,"column":2},"end":{"line":25,"column":3}},"loc":{"start":{"line":25,"column":35},"end":{"line":27,"column":3}},"line":25},"4":{"name":"(anonymous_4)","decl":{"start":{"line":29,"column":2},"end":{"line":29,"column":3}},"loc":{"start":{"line":29,"column":40},"end":{"line":33,"column":3}},"line":29},"5":{"name":"(anonymous_5)","decl":{"start":{"line":35,"column":2},"end":{"line":35,"column":3}},"loc":{"start":{"line":35,"column":51},"end":{"line":41,"column":3}},"line":35},"6":{"name":"(anonymous_6)","decl":{"start":{"line":43,"column":2},"end":{"line":43,"column":3}},"loc":{"start":{"line":43,"column":55},"end":{"line":45,"column":3}},"line":43},"7":{"name":"(anonymous_7)","decl":{"start":{"line":47,"column":2},"end":{"line":47,"column":3}},"loc":{"start":{"line":47,"column":70},"end":{"line":60,"column":3}},"line":47},"8":{"name":"(anonymous_8)","decl":{"start":{"line":49,"column":37},"end":{"line":49,"column":38}},"loc":{"start":{"line":49,"column":55},"end":{"line":58,"column":5}},"line":49},"9":{"name":"(anonymous_9)","decl":{"start":{"line":50,"column":55},"end":{"line":50,"column":56}},"loc":{"start":{"line":50,"column":77},"end":{"line":53,"column":7}},"line":50},"10":{"name":"(anonymous_10)","decl":{"start":{"line":55,"column":8},"end":{"line":55,"column":9}},"loc":{"start":{"line":55,"column":18},"end":{"line":55,"column":37}},"line":55},"11":{"name":"(anonymous_11)","decl":{"start":{"line":62,"column":2},"end":{"line":62,"column":3}},"loc":{"start":{"line":62,"column":21},"end":{"line":64,"column":3}},"line":62},"12":{"name":"(anonymous_12)","decl":{"start":{"line":66,"column":2},"end":{"line":66,"column":3}},"loc":{"start":{"line":66,"column":16},"end":{"line":74,"column":3}},"line":66},"13":{"name":"(anonymous_13)","decl":{"start":{"line":76,"column":2},"end":{"line":76,"column":3}},"loc":{"start":{"line":76,"column":43},"end":{"line":78,"column":3}},"line":76}},"branchMap":{"0":{"loc":{"start":{"line":9,"column":4},"end":{"line":9,"column":78}},"type":"default-arg","locations":[{"start":{"line":9,"column":24},"end":{"line":9,"column":78}}],"line":9},"1":{"loc":{"start":{"line":20,"column":6},"end":{"line":20,"column":58}},"type":"if","locations":[{"start":{"line":20,"column":6},"end":{"line":20,"column":58}},{"start":{"line":20,"column":6},"end":{"line":20,"column":58}}],"line":20},"2":{"loc":{"start":{"line":30,"column":4},"end":{"line":31,"column":60}},"type":"if","locations":[{"start":{"line":30,"column":4},"end":{"line":31,"column":60}},{"start":{"line":30,"column":4},"end":{"line":31,"column":60}}],"line":30},"3":{"loc":{"start":{"line":38,"column":6},"end":{"line":38,"column":71}},"type":"if","locations":[{"start":{"line":38,"column":6},"end":{"line":38,"column":71}},{"start":{"line":38,"column":6},"end":{"line":38,"column":71}}],"line":38},"4":{"loc":{"start":{"line":51,"column":8},"end":{"line":51,"column":63}},"type":"if","locations":[{"start":{"line":51,"column":8},"end":{"line":51,"column":63}},{"start":{"line":51,"column":8},"end":{"line":51,"column":63}}],"line":51},"5":{"loc":{"start":{"line":70,"column":8},"end":{"line":70,"column":36}},"type":"binary-expr","locations":[{"start":{"line":70,"column":8},"end":{"line":70,"column":29}},{"start":{"line":70,"column":33},"end":{"line":70,"column":36}}],"line":70},"6":{"loc":{"start":{"line":77,"column":11},"end":{"line":77,"column":35}},"type":"binary-expr","locations":[{"start":{"line":77,"column":11},"end":{"line":77,"column":28}},{"start":{"line":77,"column":32},"end":{"line":77,"column":35}}],"line":77}},"s":{"0":49,"1":36,"2":93,"3":93,"4":93,"5":837,"6":614,"7":93,"8":1014,"9":73,"10":2,"11":71,"12":7,"13":7,"14":7,"15":63,"16":4,"17":7,"18":64,"19":665,"20":665,"21":1680,"22":5040,"23":1680,"24":3360,"25":1680,"26":2571,"27":1680,"28":665,"29":12,"30":8,"31":8,"32":8,"33":24,"34":8,"35":72},"f":{"0":49,"1":36,"2":93,"3":1014,"4":73,"5":7,"6":64,"7":665,"8":1680,"9":5040,"10":2571,"11":12,"12":8,"13":72},"b":{"0":[14],"1":[614,223],"2":[2,71],"3":[4,59],"4":[1680,3360],"5":[24,0],"6":[72,42]},"_coverageSchema":"1a1c01bbd47fc00a2c39e90264f33305004495a9","hash":"42d34e36e174f33672cb47ee6746d3dea5fb76e0"}
,"/Users/ecarreras/tic-tac-toe/packages/game-state/src/GameState.ts": {"path":"/Users/ecarreras/tic-tac-toe/packages/game-state/src/GameState.ts","statementMap":{"0":{"start":{"line":6,"column":28},"end":{"line":6,"column":33}},"1":{"start":{"line":7,"column":44},"end":{"line":7,"column":48}},"2":{"start":{"line":9,"column":4},"end":{"line":9,"column":29}},"3":{"start":{"line":12,"column":4},"end":{"line":15,"column":5}},"4":{"start":{"line":13,"column":6},"end":{"line":13,"column":25}},"5":{"start":{"line":14,"column":6},"end":{"line":14,"column":37}},"6":{"start":{"line":16,"column":4},"end":{"line":16,"column":44}},"7":{"start":{"line":17,"column":4},"end":{"line":17,"column":70}},"8":{"start":{"line":17,"column":51},"end":{"line":17,"column":70}},"9":{"start":{"line":20,"column":4},"end":{"line":20,"column":23}},"10":{"start":{"line":23,"column":4},"end":{"line":23,"column":29}},"11":{"start":{"line":27,"column":4},"end":{"line":27,"column":22}}},"fnMap":{"0":{"name":"(anonymous_0)","decl":{"start":{"line":8,"column":2},"end":{"line":8,"column":3}},"loc":{"start":{"line":8,"column":16},"end":{"line":10,"column":3}},"line":8},"1":{"name":"(anonymous_1)","decl":{"start":{"line":11,"column":2},"end":{"line":11,"column":3}},"loc":{"start":{"line":11,"column":51},"end":{"line":18,"column":3}},"line":11},"2":{"name":"(anonymous_2)","decl":{"start":{"line":19,"column":2},"end":{"line":19,"column":3}},"loc":{"start":{"line":19,"column":24},"end":{"line":21,"column":3}},"line":19},"3":{"name":"(anonymous_3)","decl":{"start":{"line":22,"column":2},"end":{"line":22,"column":3}},"loc":{"start":{"line":22,"column":14},"end":{"line":24,"column":3}},"line":22},"4":{"name":"(anonymous_4)","decl":{"start":{"line":26,"column":2},"end":{"line":26,"column":3}},"loc":{"start":{"line":26,"column":13},"end":{"line":28,"column":3}},"line":26}},"branchMap":{"0":{"loc":{"start":{"line":12,"column":4},"end":{"line":15,"column":5}},"type":"if","locations":[{"start":{"line":12,"column":4},"end":{"line":15,"column":5}},{"start":{"line":12,"column":4},"end":{"line":15,"column":5}}],"line":12},"1":{"loc":{"start":{"line":17,"column":4},"end":{"line":17,"column":70}},"type":"if","locations":[{"start":{"line":17,"column":4},"end":{"line":17,"column":70}},{"start":{"line":17,"column":4},"end":{"line":17,"column":70}}],"line":17}},"s":{"0":9,"1":9,"2":9,"3":31,"4":8,"5":8,"6":31,"7":30,"8":1,"9":11,"10":3,"11":22},"f":{"0":9,"1":31,"2":11,"3":3,"4":22},"b":{"0":[8,23],"1":[1,29]},"_coverageSchema":"1a1c01bbd47fc00a2c39e90264f33305004495a9","hash":"292811a20995efc694388a25a6d963294eecb8a7"}
,"/Users/ecarreras/tic-tac-toe/packages/game-state/src/GameStateErrors.ts": {"path":"/Users/ecarreras/tic-tac-toe/packages/game-state/src/GameStateErrors.ts","statementMap":{},"fnMap":{},"branchMap":{},"s":{},"f":{},"b":{},"_coverageSchema":"1a1c01bbd47fc00a2c39e90264f33305004495a9","hash":"377b595a45e1c046a9686a95aacbb53546460b07"}
,"/Users/ecarreras/tic-tac-toe/packages/game-state/src/Player.ts": {"path":"/Users/ecarreras/tic-tac-toe/packages/game-state/src/Player.ts","statementMap":{"0":{"start":{"line":7,"column":4},"end":{"line":7,"column":21}}},"fnMap":{"0":{"name":"(anonymous_0)","decl":{"start":{"line":6,"column":2},"end":{"line":6,"column":3}},"loc":{"start":{"line":6,"column":42},"end":{"line":8,"column":3}},"line":6}},"branchMap":{},"s":{"0":4},"f":{"0":4},"b":{},"_coverageSchema":"1a1c01bbd47fc00a2c39e90264f33305004495a9","hash":"f56e3289f50dccebd93187659ebec336f98cc84d"}
,"/Users/ecarreras/tic-tac-toe/packages/game-state/src/PlayerMark.ts": {"path":"/Users/ecarreras/tic-tac-toe/packages/game-state/src/PlayerMark.ts","statementMap":{},"fnMap":{},"branchMap":{},"s":{},"f":{},"b":{},"_coverageSchema":"1a1c01bbd47fc00a2c39e90264f33305004495a9","hash":"6e95ede89191c8ec14a866224ff5cc228f4fdfba"}
,"/Users/ecarreras/tic-tac-toe/packages/game-state/src/winningPlaysMap.ts": {"path":"/Users/ecarreras/tic-tac-toe/packages/game-state/src/winningPlaysMap.ts","statementMap":{"0":{"start":{"line":1,"column":16},"end":{"line":1,"column":25}},"1":{"start":{"line":2,"column":19},"end":{"line":2,"column":28}},"2":{"start":{"line":3,"column":19},"end":{"line":3,"column":28}},"3":{"start":{"line":4,"column":22},"end":{"line":4,"column":31}},"4":{"start":{"line":5,"column":20},"end":{"line":5,"column":29}},"5":{"start":{"line":6,"column":22},"end":{"line":6,"column":31}},"6":{"start":{"line":7,"column":21},"end":{"line":7,"column":30}},"7":{"start":{"line":8,"column":20},"end":{"line":8,"column":29}},"8":{"start":{"line":9,"column":67},"end":{"line":19,"column":1}},"9":{"start":{"line":21,"column":26},"end":{"line":21,"column":38}},"10":{"start":{"line":23,"column":23},"end":{"line":23,"column":35}},"11":{"start":{"line":26,"column":2},"end":{"line":26,"column":55}}},"fnMap":{"0":{"name":"get_random","decl":{"start":{"line":25,"column":16},"end":{"line":25,"column":26}},"loc":{"start":{"line":25,"column":44},"end":{"line":27,"column":1}},"line":25}},"branchMap":{},"s":{"0":3,"1":3,"2":3,"3":3,"4":3,"5":3,"6":3,"7":3,"8":3,"9":3,"10":3,"11":14},"f":{"0":14},"b":{},"_coverageSchema":"1a1c01bbd47fc00a2c39e90264f33305004495a9","hash":"697e08cbb81ea00317dd7b091392c86230f80c0d"}
}
