TN:
SF:packages/game-state/src/BoardPosition.ts
FNF:0
FNH:0
LF:0
LH:0
BRF:0
BRH:0
end_of_record
TN:
SF:packages/game-state/src/GameState.ts
FN:17,(anonymous_0)
FN:20,(anonymous_1)
FN:24,(anonymous_2)
FN:30,(anonymous_3)
FN:39,(anonymous_4)
FN:51,(anonymous_5)
FN:55,(anonymous_6)
FN:60,(anonymous_7)
FN:64,(anonymous_8)
FN:66,(anonymous_9)
FN:70,(anonymous_10)
FNF:11
FNH:9
FNDA:3,(anonymous_0)
FNDA:1,(anonymous_1)
FNDA:2,(anonymous_2)
FNDA:2,(anonymous_3)
FNDA:4,(anonymous_4)
FNDA:0,(anonymous_5)
FNDA:2,(anonymous_6)
FNDA:0,(anonymous_7)
FNDA:2,(anonymous_8)
FNDA:8,(anonymous_9)
FNDA:12,(anonymous_10)
DA:7,1
DA:14,3
DA:15,3
DA:21,1
DA:26,2
DA:27,2
DA:31,2
DA:32,2
DA:33,18
DA:34,15
DA:36,2
DA:40,4
DA:41,4
DA:42,4
DA:43,4
DA:44,1
DA:45,0
DA:47,3
DA:48,3
DA:52,0
DA:56,2
DA:57,2
DA:61,0
DA:65,2
DA:66,8
DA:67,2
DA:71,12
LF:27
LH:24
BRDA:17,0,0,3
BRDA:33,1,0,15
BRDA:33,1,1,3
BRDA:43,2,0,1
BRDA:43,2,1,3
BRF:5
BRH:5
end_of_record
TN:
SF:packages/game-state/src/GameStateErrors.ts
FNF:0
FNH:0
LF:0
LH:0
BRF:0
BRH:0
end_of_record
TN:
SF:packages/game-state/src/PlayerMark.ts
FNF:0
FNH:0
LF:0
LH:0
BRF:0
BRH:0
end_of_record
TN:
SF:packages/game-state/src/Turn.ts
FN:7,(anonymous_0)
FNF:1
FNH:1
FNDA:3,(anonymous_0)
DA:8,3
DA:9,3
DA:10,3
LF:3
LH:3
BRF:0
BRH:0
end_of_record
