TN:
SF:packages/game-state/src/AggressiveAiPlayer.ts
FN:6,(anonymous_0)
FN:9,(anonymous_1)
FN:16,(anonymous_2)
FN:17,(anonymous_3)
FNF:4
FNH:4
FNDA:2,(anonymous_0)
FNDA:5,(anonymous_1)
FNDA:1,(anonymous_2)
FNDA:4,(anonymous_3)
DA:7,2
DA:10,5
DA:11,4
DA:12,4
DA:13,2
DA:17,4
LF:6
LH:6
BRDA:10,0,0,1
BRDA:10,0,1,4
BRDA:12,1,0,2
BRDA:12,1,1,2
BRF:4
BRH:4
end_of_record
TN:
SF:packages/game-state/src/AiPlayer.ts
FN:6,(anonymous_0)
FN:10,(anonymous_1)
FN:14,(anonymous_2)
FN:19,(anonymous_3)
FNF:4
FNH:4
FNDA:3,(anonymous_0)
FNDA:9,(anonymous_1)
FNDA:8,(anonymous_2)
FNDA:24,(anonymous_3)
DA:7,3
DA:11,9
DA:15,8
DA:16,8
DA:17,8
DA:19,8
DA:20,24
DA:24,24
DA:28,24
DA:29,24
DA:31,8
LF:11
LH:11
BRDA:11,0,0,5
BRDA:11,0,1,4
BRDA:28,1,0,4
BRDA:28,1,1,20
BRDA:28,2,0,24
BRDA:28,2,1,20
BRDA:29,3,0,24
BRDA:29,3,1,20
BRF:8
BRH:8
end_of_record
TN:
SF:packages/game-state/src/Board.ts
FN:9,(anonymous_0)
FN:17,(anonymous_1)
FN:21,(anonymous_2)
FN:27,(anonymous_3)
FN:35,(anonymous_4)
FN:39,(anonymous_5)
FN:41,(anonymous_6)
FN:42,(anonymous_7)
FN:47,(anonymous_8)
FN:54,(anonymous_9)
FN:58,(anonymous_10)
FN:68,(anonymous_11)
FNF:12
FNH:12
FNDA:47,(anonymous_0)
FNDA:463,(anonymous_1)
FNDA:33,(anonymous_2)
FNDA:1,(anonymous_3)
FNDA:10,(anonymous_4)
FNDA:75,(anonymous_5)
FNDA:178,(anonymous_6)
FNDA:534,(anonymous_7)
FNDA:316,(anonymous_8)
FNDA:5,(anonymous_9)
FNDA:10,(anonymous_10)
FNDA:90,(anonymous_11)
DA:7,12
DA:10,47
DA:11,47
DA:12,423
DA:14,47
DA:18,463
DA:22,33
DA:23,1
DA:24,32
DA:28,1
DA:29,1
DA:30,9
DA:32,1
DA:36,10
DA:40,75
DA:41,75
DA:42,178
DA:43,534
DA:44,356
DA:46,178
DA:47,316
DA:49,178
DA:51,75
DA:55,5
DA:59,10
DA:60,10
DA:61,30
DA:65,10
DA:69,90
LF:29
LH:29
BRDA:12,0,0,242
BRDA:12,0,1,181
BRDA:22,1,0,1
BRDA:22,1,1,32
BRDA:30,2,0,1
BRDA:30,2,1,8
BRDA:43,3,0,178
BRDA:43,3,1,356
BRDA:62,4,0,30
BRDA:62,4,1,0
BRDA:69,5,0,90
BRDA:69,5,1,52
BRF:12
BRH:11
end_of_record
TN:
SF:packages/game-state/src/DefensiveAiPlayer.ts
FN:6,(anonymous_0)
FN:9,(anonymous_1)
FNF:2
FNH:2
FNDA:1,(anonymous_0)
FNDA:4,(anonymous_1)
DA:7,1
DA:10,4
DA:11,4
DA:12,2
DA:13,1
LF:5
LH:5
BRDA:11,0,0,2
BRDA:11,0,1,2
BRDA:12,1,0,1
BRDA:12,1,1,1
BRF:4
BRH:4
end_of_record
TN:
SF:packages/game-state/src/GameState.ts
FN:8,(anonymous_0)
FN:11,(anonymous_1)
FN:19,(anonymous_2)
FN:22,(anonymous_3)
FN:26,(anonymous_4)
FNF:5
FNH:5
FNDA:7,(anonymous_0)
FNDA:27,(anonymous_1)
FNDA:12,(anonymous_2)
FNDA:3,(anonymous_3)
FNDA:19,(anonymous_4)
DA:6,7
DA:7,7
DA:9,7
DA:12,27
DA:13,7
DA:14,7
DA:16,27
DA:17,27
DA:20,12
DA:23,3
DA:27,19
LF:11
LH:11
BRDA:12,0,0,7
BRDA:12,0,1,20
BRDA:17,1,0,2
BRDA:17,1,1,25
BRF:4
BRH:4
end_of_record
TN:
SF:packages/game-state/src/GameStateErrors.ts
FNF:0
FNH:0
LF:0
LH:0
BRF:0
BRH:0
end_of_record
TN:
SF:packages/game-state/src/Player.ts
FN:6,(anonymous_0)
FNF:1
FNH:1
FNDA:3,(anonymous_0)
DA:7,3
LF:1
LH:1
BRF:0
BRH:0
end_of_record
TN:
SF:packages/game-state/src/PlayerMark.ts
FNF:0
FNH:0
LF:0
LH:0
BRF:0
BRH:0
end_of_record
TN:
SF:packages/game-state/src/winningPlaysMap.ts
FNF:0
FNH:0
DA:1,3
DA:2,3
DA:3,3
DA:4,3
DA:5,3
DA:6,3
DA:7,3
DA:8,3
DA:9,3
LF:9
LH:9
BRF:0
BRH:0
end_of_record
